<?xml version="1.0" encoding="UTF-8"?>
<!-- Generated by org.testng.reporters.JUnitXMLReporter -->
<testsuite hostname="zhideiMac.local" ignored="2" name="钉钉" tests="4" failures="0" timestamp="13 九月 2017 08:38:30 GMT" time="120.17" errors="0">
  <testcase name="case01" time="23.124" classname="testCase.testCase01">
    <skipped/>
  </testcase> <!-- case01 -->
  <testcase name="case01" time="30.574" classname="testCase.testCase01">
    <skipped/>
  </testcase> <!-- case01 -->
  <testcase name="case01" time="36.407" classname="testCase.testCase01"/>
  <testcase name="case04" time="29.887" classname="testCase.testCase04"/>
  <testcase name="@BeforeSuite setup" time="0.0" classname="base.TestBase">
    <ignored/>
  </testcase> <!-- @BeforeSuite setup -->
  <testcase name="@AfterSuite tearDown" time="0.0" classname="base.TestBase">
    <ignored/>
  </testcase> <!-- @AfterSuite tearDown -->
</testsuite> <!-- 钉钉 -->
