<?xml version="1.0" encoding="UTF-8"?>
<testng-results skipped="0" failed="0" ignored="0" total="1" passed="1">
  <reporter-output>
    <line>
      <![CDATA[testCase05:钉钉登录成功]]>
    </line>
  </reporter-output>
  <suite name="Default suite" duration-ms="30463" started-at="2017-09-14T06:39:51Z" finished-at="2017-09-14T06:40:21Z">
    <groups>
    </groups>
    <test name="Default test" duration-ms="30463" started-at="2017-09-14T06:39:51Z" finished-at="2017-09-14T06:40:21Z">
      <class name="testCase.testCase05">
        <test-method status="PASS" signature="setup()[pri:0, instance:testCase.testCase05@60c6f5b]" name="setup" is-config="true" duration-ms="57158" started-at="2017-09-14T14:38:54Z" finished-at="2017-09-14T14:39:51Z">
          <reporter-output>
          </reporter-output>
        </test-method> <!-- setup -->
        <test-method status="PASS" signature="beforeClass()[pri:0, instance:testCase.testCase05@60c6f5b]" name="beforeClass" is-config="true" duration-ms="348" started-at="2017-09-14T14:39:51Z" finished-at="2017-09-14T14:39:51Z">
          <reporter-output>
          </reporter-output>
        </test-method> <!-- beforeClass -->
        <test-method status="PASS" signature="case04(java.util.Map)[pri:0, instance:testCase.testCase05@60c6f5b]" name="case04" duration-ms="30060" started-at="2017-09-14T14:39:51Z" data-provider="getDdData" finished-at="2017-09-14T14:40:21Z">
          <params>
            <param index="0">
              <value>
                <![CDATA[{登录密码=5211314, 登录用户=13581975037}]]>
              </value>
            </param>
          </params>
          <reporter-output>
            <line>
              <![CDATA[testCase05:钉钉登录成功]]>
            </line>
          </reporter-output>
        </test-method> <!-- case04 -->
        <test-method status="PASS" signature="tearDown()[pri:0, instance:testCase.testCase05@60c6f5b]" name="tearDown" is-config="true" duration-ms="3627" started-at="2017-09-14T14:40:22Z" finished-at="2017-09-14T14:40:26Z">
          <reporter-output>
          </reporter-output>
        </test-method> <!-- tearDown -->
      </class> <!-- testCase.testCase05 -->
    </test> <!-- Default test -->
  </suite> <!-- Default suite -->
</testng-results>
