<?xml version="1.0" encoding="UTF-8"?>
<testng-results skipped="0" failed="0" ignored="0" total="1" passed="1">
  <reporter-output>
    <line>
      <![CDATA[testCase01:钉钉登录成功]]>
    </line>
  </reporter-output>
  <suite name="Default suite" duration-ms="28747" started-at="2017-09-11T03:19:36Z" finished-at="2017-09-11T03:20:05Z">
    <groups>
    </groups>
    <test name="Default test" duration-ms="28747" started-at="2017-09-11T03:19:36Z" finished-at="2017-09-11T03:20:05Z">
      <class name="testCase.testCase01">
        <test-method status="PASS" signature="setup()[pri:0, instance:testCase.testCase01@60c6f5b]" name="setup" is-config="true" duration-ms="12954" started-at="2017-09-11T11:19:23Z" finished-at="2017-09-11T11:19:36Z">
          <reporter-output>
          </reporter-output>
        </test-method> <!-- setup -->
        <test-method status="PASS" signature="beforeClass()[pri:0, instance:testCase.testCase01@60c6f5b]" name="beforeClass" is-config="true" duration-ms="115" started-at="2017-09-11T11:19:36Z" finished-at="2017-09-11T11:19:36Z">
          <reporter-output>
          </reporter-output>
        </test-method> <!-- beforeClass -->
        <test-method status="PASS" signature="case01()[pri:0, instance:testCase.testCase01@60c6f5b]" name="case01" duration-ms="28619" started-at="2017-09-11T11:19:36Z" finished-at="2017-09-11T11:20:05Z">
          <reporter-output>
            <line>
              <![CDATA[testCase01:钉钉登录成功]]>
            </line>
          </reporter-output>
        </test-method> <!-- case01 -->
        <test-method status="PASS" signature="tearDown()[pri:0, instance:testCase.testCase01@60c6f5b]" name="tearDown" is-config="true" duration-ms="2981" started-at="2017-09-11T11:20:05Z" finished-at="2017-09-11T11:20:08Z">
          <reporter-output>
          </reporter-output>
        </test-method> <!-- tearDown -->
      </class> <!-- testCase.testCase01 -->
    </test> <!-- Default test -->
  </suite> <!-- Default suite -->
</testng-results>
